<?xml version="1.0" encoding="UTF-8"?>
<!-- Generated by org.testng.reporters.JUnitXMLReporter -->
<testsuite ignored="0" hostname="LAPTOP-5KMFOFH9" failures="0" tests="3" name="Test" time="4.545" errors="0" timestamp="2024-02-14T11:25:02 IST">
  <testcase classname="com.SwagLabs.TestCases.InventoryTEst" name="verifyProductCount" time="0.039"/>
  <testcase classname="com.SwagLabs.TestCases.InventoryTEst" name="verifyProductDetails" time="0.153"/>
  <testcase classname="com.SwagLabs.TestCases.InventoryTEst" name="VerifyAddToCart" time="0.241"/>
</testsuite> <!-- Test -->
