<?xml version="1.0" encoding="UTF-8"?>
<testng-results ignored="0" total="3" passed="3" failed="0" skipped="0">
  <reporter-output>
  </reporter-output>
  <suite started-at="2024-02-14T11:24:57 IST" name="Suite" finished-at="2024-02-14T11:25:01 IST" duration-ms="4545">
    <groups>
    </groups>
    <test started-at="2024-02-14T11:24:57 IST" name="Test" finished-at="2024-02-14T11:25:01 IST" duration-ms="4545">
      <class name="com.SwagLabs.TestCases.InventoryTEst">
        <test-method is-config="true" signature="setUp()[pri:0, instance:com.SwagLabs.TestCases.InventoryTEst@5f9be66c]" started-at="2024-02-14T11:24:57 IST" name="setUp" finished-at="2024-02-14T11:25:00 IST" duration-ms="3486" status="PASS">
          <reporter-output>
          </reporter-output>
        </test-method> <!-- setUp -->
        <test-method is-config="true" signature="pageSetUp()[pri:0, instance:com.SwagLabs.TestCases.InventoryTEst@5f9be66c]" started-at="2024-02-14T11:25:00 IST" name="pageSetUp" finished-at="2024-02-14T11:25:01 IST" duration-ms="561" status="PASS">
          <reporter-output>
          </reporter-output>
        </test-method> <!-- pageSetUp -->
        <test-method signature="verifyProductCount()[pri:1, instance:com.SwagLabs.TestCases.InventoryTEst@5f9be66c]" started-at="2024-02-14T11:25:01 IST" name="verifyProductCount" finished-at="2024-02-14T11:25:01 IST" duration-ms="39" status="PASS">
          <reporter-output>
          </reporter-output>
        </test-method> <!-- verifyProductCount -->
        <test-method signature="verifyProductDetails()[pri:2, instance:com.SwagLabs.TestCases.InventoryTEst@5f9be66c]" started-at="2024-02-14T11:25:01 IST" name="verifyProductDetails" finished-at="2024-02-14T11:25:01 IST" duration-ms="153" status="PASS">
          <reporter-output>
          </reporter-output>
        </test-method> <!-- verifyProductDetails -->
        <test-method signature="VerifyAddToCart()[pri:3, instance:com.SwagLabs.TestCases.InventoryTEst@5f9be66c]" started-at="2024-02-14T11:25:01 IST" name="VerifyAddToCart" finished-at="2024-02-14T11:25:01 IST" duration-ms="241" status="PASS">
          <reporter-output>
          </reporter-output>
        </test-method> <!-- VerifyAddToCart -->
      </class> <!-- com.SwagLabs.TestCases.InventoryTEst -->
    </test> <!-- Test -->
  </suite> <!-- Suite -->
</testng-results>
