<?xml version="1.0" encoding="UTF-8"?>
<testng-results ignored="0" total="1" passed="1" failed="0" skipped="0">
  <reporter-output>
  </reporter-output>
  <suite started-at="2024-02-13T18:30:40 IST" name="Default suite" finished-at="2024-02-13T18:30:41 IST" duration-ms="1026">
    <groups>
    </groups>
    <test started-at="2024-02-13T18:30:40 IST" name="Default test" finished-at="2024-02-13T18:30:41 IST" duration-ms="1026">
      <class name="dataDrivenTest.ExcelRead">
        <test-method signature="read()[pri:0, instance:dataDrivenTest.ExcelRead@4738a206]" started-at="2024-02-13T18:30:40 IST" name="read" finished-at="2024-02-13T18:30:41 IST" duration-ms="971" status="PASS">
          <reporter-output>
          </reporter-output>
        </test-method> <!-- read -->
      </class> <!-- dataDrivenTest.ExcelRead -->
    </test> <!-- Default test -->
  </suite> <!-- Default suite -->
</testng-results>
